<?xml version="1.0" encoding="UTF-8"?>
<!-- Generated by org.testng.reporters.JUnitReportReporter -->
<testsuite hostname="DESKTOP-1S6H73A" failures="0" tests="1" name="testscripts.AddPythonToMyCartTest" time="14.749" errors="0" timestamp="2023-05-29T11:33:35 IST" skipped="0">
  <testcase classname="testscripts.AddPythonToMyCartTest" name="addPythonToCartTest" time="14.749"/>
  <system-out/>
</testsuite> <!-- testscripts.AddPythonToMyCartTest -->
