<?xml version="1.0" encoding="UTF-8"?>
<!-- Generated by org.testng.reporters.JUnitReportReporter -->
<testsuite hostname="DESKTOP-1S6H73A" failures="0" tests="1" name="testscripts.AddToCartTest" time="14.547" errors="0" timestamp="2023-05-27T11:48:39 IST" skipped="0">
  <testcase classname="testscripts.AddToCartTest" name="addToCartTest" time="14.547"/>
  <system-out/>
</testsuite> <!-- testscripts.AddToCartTest -->
